<?xml version="1.0" encoding="UTF-8"?>
<!-- Generated by org.testng.reporters.JUnitReportReporter -->
<testsuite hostname="DESKTOP-5U8ES99" failures="0" tests="4" name="TestNG_basics.DDTesting" time="69.696" errors="0" timestamp="2023-10-31T11:44:42 IST" skipped="0">
  <testcase classname="TestNG_basics.DDTesting" name="startup" time="19.403"/>
  <testcase classname="TestNG_basics.DDTesting" name="startup" time="16.779"/>
  <testcase classname="TestNG_basics.DDTesting" name="startup" time="17.475"/>
  <testcase classname="TestNG_basics.DDTesting" name="startup" time="16.039"/>
</testsuite> <!-- TestNG_basics.DDTesting -->
