<?xml version="1.0" encoding="UTF-8"?>
<!-- Generated by org.testng.reporters.JUnitReportReporter -->
<testsuite hostname="DESKTOP-5U8ES99" failures="0" tests="2" name="TestNG_basics.Webdriverfactory" time="13.597" errors="0" timestamp="2023-10-19T18:33:38 IST" skipped="0">
  <testcase classname="TestNG_basics.Webdriverfactory" name="facebook" time="5.477"/>
  <testcase classname="TestNG_basics.Webdriverfactory" name="facebook" time="8.120"/>
</testsuite> <!-- TestNG_basics.Webdriverfactory -->
