<?xml version="1.0" encoding="UTF-8"?>
<!-- Generated by org.testng.reporters.JUnitReportReporter -->
<testsuite hostname="DESKTOP-5U8ES99" failures="0" tests="1" name="TestNG_basics.demo28001" time="12.757" errors="0" timestamp="2023-11-07T16:44:21 IST" skipped="0">
  <testcase classname="TestNG_basics.demo28001" name="mainq" time="12.757"/>
</testsuite> <!-- TestNG_basics.demo28001 -->
