<?xml version="1.0" encoding="UTF-8"?>
<!-- Generated by org.testng.reporters.JUnitReportReporter -->
<testsuite hostname="DESKTOP-5U8ES99" failures="0" tests="5" name="TestNG_basics.TestNGPriority" time="0.040" errors="0" timestamp="2023-10-26T18:22:07 IST" skipped="0">
  <testcase classname="TestNG_basics.TestNGPriority" name="login" time="0.012"/>
  <testcase classname="TestNG_basics.TestNGPriority" name="homepage" time="0.007"/>
  <testcase classname="TestNG_basics.TestNGPriority" name="Bookticket" time="0.010"/>
  <testcase classname="TestNG_basics.TestNGPriority" name="Makepayment" time="0.005"/>
  <testcase classname="TestNG_basics.TestNGPriority" name="logout" time="0.006"/>
</testsuite> <!-- TestNG_basics.TestNGPriority -->
