<?xml version="1.0" encoding="UTF-8"?>
<!-- Generated by org.testng.reporters.JUnitReportReporter -->
<testsuite hostname="DESKTOP-5U8ES99" failures="0" tests="1" name="TestNG_basics.TestNG_file1" time="0.023" errors="0" timestamp="2023-10-13T16:49:37 IST" skipped="0">
  <testcase classname="TestNG_basics.TestNG_file1" name="execute" time="0.023"/>
</testsuite> <!-- TestNG_basics.TestNG_file1 -->
