<?xml version="1.0" encoding="UTF-8"?>
<!-- Generated by org.testng.reporters.JUnitReportReporter -->
<testsuite hostname="DESKTOP-5U8ES99" failures="0" tests="1" name="TestNG_basics.TestNGFile" time="0.024" errors="0" timestamp="2023-10-17T17:53:15 IST" skipped="0">
  <testcase classname="TestNG_basics.TestNGFile" name="execute" time="0.024"/>
</testsuite> <!-- TestNG_basics.TestNGFile -->
