<?xml version="1.0" encoding="UTF-8"?>
<!-- Generated by org.testng.reporters.JUnitReportReporter -->
<testsuite hostname="DESKTOP-5U8ES99" failures="0" tests="1" name="TestNG_basics.assertion01" time="12.606" errors="0" timestamp="2023-10-18T13:48:43 IST" skipped="0">
  <testcase classname="TestNG_basics.assertion01" name="facebook" time="12.606"/>
</testsuite> <!-- TestNG_basics.assertion01 -->
