<?xml version="1.0" encoding="UTF-8"?>
<!-- Generated by org.testng.reporters.JUnitReportReporter -->
<testsuite hostname="DESKTOP-5U8ES99" failures="0" tests="1" name="TestNG_basics.orgs" time="15.704" errors="0" timestamp="2023-10-18T16:30:36 IST" skipped="0">
  <testcase classname="TestNG_basics.orgs" name="startup" time="15.704"/>
</testsuite> <!-- TestNG_basics.orgs -->
