<?xml version="1.0" encoding="UTF-8"?>
<!-- Generated by org.testng.reporters.JUnitReportReporter -->
<testsuite hostname="DESKTOP-5U8ES99" failures="0" tests="4" name="TestNG_basics.DDTestingname" time="74.148" errors="0" timestamp="2023-10-31T12:31:58 IST" skipped="0">
  <testcase classname="TestNG_basics.DDTestingname" name="startup" time="18.216"/>
  <testcase classname="TestNG_basics.DDTestingname" name="Nopcommerce" time="22.052"/>
  <testcase classname="TestNG_basics.DDTestingname" name="startup" time="17.627"/>
  <testcase classname="TestNG_basics.DDTestingname" name="Nopcommerce" time="16.253"/>
</testsuite> <!-- TestNG_basics.DDTestingname -->
