<?xml version="1.0" encoding="UTF-8"?>
<!-- Generated by org.testng.reporters.JUnitReportReporter -->
<testsuite hostname="DESKTOP-5U8ES99" failures="0" tests="1" name="TestNG_basics.assertion02" time="0.019" errors="0" timestamp="2023-10-18T14:15:24 IST" skipped="0">
  <testcase classname="TestNG_basics.assertion02" name="test" time="0.019"/>
</testsuite> <!-- TestNG_basics.assertion02 -->
