<?xml version="1.0" encoding="UTF-8"?>
<!-- Generated by org.testng.reporters.JUnitReportReporter -->
<testsuite hostname="DESKTOP-5U8ES99" failures="0" tests="1" name="TestNG_basics.testngDemo01" time="17.531" errors="0" timestamp="2023-10-13T14:13:44 IST" skipped="0">
  <testcase classname="TestNG_basics.testngDemo01" name="execute" time="17.531"/>
</testsuite> <!-- TestNG_basics.testngDemo01 -->
