<?xml version="1.0" encoding="UTF-8"?>
<!-- Generated by org.testng.reporters.JUnitReportReporter -->
<testsuite hostname="DESKTOP-5U8ES99" failures="0" tests="2" name="TestNG_basics.demo20002" time="33.351" errors="0" timestamp="2023-10-16T17:13:55 IST" skipped="0">
  <testcase classname="TestNG_basics.demo20002" name="facebook" time="16.222"/>
  <testcase classname="TestNG_basics.demo20002" name="google" time="17.129"/>
</testsuite> <!-- TestNG_basics.demo20002 -->
