<?xml version="1.0" encoding="UTF-8"?>
<!-- Generated by org.testng.reporters.JUnitReportReporter -->
<testsuite hostname="DESKTOP-5U8ES99" failures="0" tests="3" name="TestNG_basics.testng2001new" time="0.045" errors="0" timestamp="2023-10-13T16:37:02 IST" skipped="0">
  <testcase classname="TestNG_basics.testng2001new" name="beta" time="0.005"/>
  <testcase classname="TestNG_basics.testng2001new" name="testng" time="0.012"/>
  <testcase classname="TestNG_basics.testng2001new" name="alpha" time="0.028"/>
</testsuite> <!-- TestNG_basics.testng2001new -->
