<?xml version="1.0" encoding="UTF-8"?>
<!-- Generated by org.testng.reporters.JUnitReportReporter -->
<testsuite hostname="DESKTOP-5U8ES99" failures="0" tests="2" name="TestNG_basics.testbg2002" time="14.471" errors="0" timestamp="2023-10-16T16:45:04 IST" skipped="0">
  <testcase classname="TestNG_basics.testbg2002" name="select" time="2.089"/>
  <testcase classname="TestNG_basics.testbg2002" name="execute" time="12.382"/>
</testsuite> <!-- TestNG_basics.testbg2002 -->
