<?xml version="1.0" encoding="UTF-8"?>
<!-- Generated by org.testng.reporters.JUnitReportReporter -->
<testsuite hostname="DESKTOP-5U8ES99" failures="0" tests="1" name="TestNG_basics.SumandMulitply" time="0.013" errors="0" timestamp="2023-10-18T17:10:55 IST" skipped="0">
  <testcase classname="TestNG_basics.SumandMulitply" name="Multiply" time="0.013"/>
</testsuite> <!-- TestNG_basics.SumandMulitply -->
